Warning: Running a server with --disable-host-check is a security risk. See https://medium.com/webpack/webpack-dev-server-middleware-security-issues-1489d950874a for more information.
The "disableHostCheck" option will not be used because it is not supported by the "@angular-devkit/build-angular:application" builder.
❯ Building...
✔ Building...
Application bundle generation failed. [0.489 seconds]

[33m▲ [43;33m[[43;30mWARNING[43;33m][0m [1mTypeScript compiler options 'module' values 'CommonJS', 'UMD', 'System' and 'AMD' are not supported.[0m [1m[35m[plugin angular-compiler][0m

  The 'module' option will be set to 'ES2022' instead.


[33m▲ [43;33m[[43;30mWARNING[43;33m][0m [1mTypeScript compiler options 'target' and 'useDefineForClassFields' are set to 'ES2022' and 'false' respectively by the Angular CLI.[0m [1m[35m[plugin angular-compiler][0m

    tsconfig.app.json:0:0:
[37m      0 │ [32m[37m
        ╵ [32m^[0m

  To control ECMA version and features use the Browserslist configuration. For more information, see [4mhttps://angular.dev/tools/cli/build#configuring-browser-compatibility[0m


[31m✘ [41;31m[[41;97mERROR[41;31m][0m [1mCannot find tsconfig file "tsconfig.app.json"[0m


[31m✘ [41;31m[[41;97mERROR[41;31m][0m [1mTS500: Error: ENOENT: no such file or directory, lstat '/home/alexandremagno/Área de Trabalho/leadspro/web/tsconfig.app.json'
    at Object.lstatSync (node:fs:1715:25)
    at NodeJSFileSystem.lstat (file:///home/alexandremagno/%C3%81rea%20de%20Trabalho/leadspro/web/node_modules/@angular/compiler-cli/bundles/chunk-YE5ORA4V.js:341:16)
    at calcProjectFileAndBasePath (file:///home/alexandremagno/%C3%81rea%20de%20Trabalho/leadspro/web/node_modules/@angular/compiler-cli/bundles/chunk-Y3H6JOVH.js:4603:29)
    at readConfiguration (file:///home/alexandremagno/%C3%81rea%20de%20Trabalho/leadspro/web/node_modules/@angular/compiler-cli/bundles/chunk-Y3H6JOVH.js:4629:39)
    at /home/alexandremagno/Área de Trabalho/leadspro/web/node_modules/@angular/build/src/tools/angular/compilation/angular-compilation.js:61:69
    at profileSync (/home/alexandremagno/Área de Trabalho/leadspro/web/node_modules/@angular/build/src/tools/esbuild/profiling.js:68:16)
    at AotCompilation.loadConfiguration (/home/alexandremagno/Área de Trabalho/leadspro/web/node_modules/@angular/build/src/tools/angular/compilation/angular-compilation.js:61:44)
    at async AotCompilation.initialize (/home/alexandremagno/Área de Trabalho/leadspro/web/node_modules/@angular/build/src/tools/angular/compilation/aot-compilation.js:48:100)
    at async initialize (/home/alexandremagno/Área de Trabalho/leadspro/web/node_modules/@angular/build/src/tools/angular/compilation/parallel-worker.js:36:50)
    at async /home/alexandremagno/Área de Trabalho/leadspro/web/node_modules/piscina/dist/worker.js:146:26[0m [1m[35m[plugin angular-compiler][0m


[31m✘ [41;31m[[41;97mERROR[41;31m][0m [1mCould not resolve "/home/alexandremagno/Área de Trabalho/leadspro/web/src/main.ts"[0m


[31m✘ [41;31m[[41;97mERROR[41;31m][0m [1mCannot find tsconfig file "tsconfig.app.json"[0m


[31m✘ [41;31m[[41;97mERROR[41;31m][0m [1mCould not resolve "src/styles.scss"[0m

    angular:styles/global:styles:1:8:
[37m      1 │ @import [32m'src/styles.scss'[37m;
        ╵         [32m~~~~~~~~~~~~~~~~~[0m

  You can mark the path "src/styles.scss" as external to exclude it from the bundle, which will remove this error and leave the unresolved path in the bundle.


Watch mode enabled. Watching for file changes...
